Started GET "/" for 127.0.0.1 at 2024-02-24 20:37:07 -0700
  [1m[35m (44.4ms)[0m  [1m[35mCREATE TABLE "schema_migrations" ("version" varchar NOT NULL PRIMARY KEY)[0m
  [1m[35m (0.4ms)[0m  [1m[35mCREATE TABLE "ar_internal_metadata" ("key" varchar NOT NULL PRIMARY KEY, "value" varchar, "created_at" datetime(6) NOT NULL, "updated_at" datetime(6) NOT NULL)[0m
  [1m[36mActiveRecord::SchemaMigration Load (0.2ms)[0m  [1m[34mSELECT "schema_migrations"."version" FROM "schema_migrations" ORDER BY "schema_migrations"."version" ASC[0m
Processing by Rails::WelcomeController#index as HTML
  Rendering /home/david/.rbenv/versions/3.2.2/lib/ruby/gems/3.2.0/gems/railties-7.1.3.1/lib/rails/templates/rails/welcome/index.html.erb
  Rendered /home/david/.rbenv/versions/3.2.2/lib/ruby/gems/3.2.0/gems/railties-7.1.3.1/lib/rails/templates/rails/welcome/index.html.erb (Duration: 1.4ms | Allocations: 375)
Completed 200 OK in 92ms (Views: 13.4ms | ActiveRecord: 0.0ms | Allocations: 7904)


Started GET "/routes" for 127.0.0.1 at 2024-02-24 20:37:13 -0700
  
ActionController::RoutingError (No route matches [GET] "/routes"):
  
Started GET "/up" for 127.0.0.1 at 2024-02-24 20:37:24 -0700
Processing by Rails::HealthController#show as HTML
  Rendering html template
  Rendered html template (Duration: 0.0ms | Allocations: 8)
Completed 200 OK in 3ms (Views: 2.8ms | ActiveRecord: 0.0ms | Allocations: 664)


Started GET "/pages/home" for 127.0.0.1 at 2024-02-24 20:37:31 -0700
Processing by PagesController#home as HTML
  Rendering layout layouts/application.html.erb
  Rendering pages/home.html.erb within layouts/application
  Rendered pages/home.html.erb within layouts/application (Duration: 1.4ms | Allocations: 1070)
  Rendered layout layouts/application.html.erb (Duration: 1.9ms | Allocations: 1162)
Completed 500 Internal Server Error in 26ms (ActiveRecord: 0.0ms | Allocations: 2011)


  
ActionView::Template::Error (undefined local variable or method `pages_aboutus_path' for #<ActionView::Base:0x0000000000acd0>):
    1: <h1> this is the home page.  I hope you like it :) </h1>
    2: 
    3: <%= link_to 'About', pages_aboutus_path %>
  
app/views/pages/home.html.erb:3
Started GET "/pages/home" for 127.0.0.1 at 2024-02-24 20:39:56 -0700
Processing by PagesController#home as HTML
  Rendering layout layouts/application.html.erb
  Rendering pages/home.html.erb within layouts/application
  Rendered pages/home.html.erb within layouts/application (Duration: 0.7ms | Allocations: 1047)
  Rendered layout layouts/application.html.erb (Duration: 0.9ms | Allocations: 1139)
Completed 500 Internal Server Error in 3ms (ActiveRecord: 0.0ms | Allocations: 2022)


  
ActionView::Template::Error (undefined local variable or method `pages_aboutus_path' for #<ActionView::Base:0x0000000000e330>):
    1: <h1> this is the home page.  I hope you like it :) </h1>
    2: 
    3: <%= link_to 'About', pages_aboutus_path %>
  
app/views/pages/home.html.erb:3
Started GET "/pages/home" for 127.0.0.1 at 2024-02-24 20:40:22 -0700
Processing by PagesController#home as HTML
  Rendering layout layouts/application.html.erb
  Rendering pages/home.html.erb within layouts/application
  Rendered pages/home.html.erb within layouts/application (Duration: 0.7ms | Allocations: 1049)
  Rendered layout layouts/application.html.erb (Duration: 0.9ms | Allocations: 1141)
Completed 500 Internal Server Error in 3ms (ActiveRecord: 0.0ms | Allocations: 2027)


  
ActionView::Template::Error (undefined local variable or method `pages_aboutus_path' for #<ActionView::Base:0x00000000011968>):
    1: <h1> this is the home page.  I hope you like it :) </h1>
    2: 
    3: <%= link_to 'About', pages_aboutus_path %>
  
app/views/pages/home.html.erb:3
Started GET "/pages/about" for 127.0.0.1 at 2024-02-24 20:40:27 -0700
Processing by PagesController#aboutus as HTML
  Rendering layout layouts/application.html.erb
  Rendering pages/aboutus.html.erb within layouts/application
  Rendered pages/aboutus.html.erb within layouts/application (Duration: 0.7ms | Allocations: 234)
  Rendered layout layouts/application.html.erb (Duration: 421.4ms | Allocations: 91645)
Completed 200 OK in 422ms (Views: 421.9ms | ActiveRecord: 0.0ms | Allocations: 91962)


Started GET "/pages/home" for 127.0.0.1 at 2024-02-24 20:40:29 -0700
Processing by PagesController#home as HTML
  Rendering layout layouts/application.html.erb
  Rendering pages/home.html.erb within layouts/application
  Rendered pages/home.html.erb within layouts/application (Duration: 0.8ms | Allocations: 993)
  Rendered layout layouts/application.html.erb (Duration: 1.1ms | Allocations: 1084)
Completed 500 Internal Server Error in 2ms (ActiveRecord: 0.0ms | Allocations: 1312)


  
ActionView::Template::Error (undefined local variable or method `pages_aboutus_path' for #<ActionView::Base:0x00000000011f80>):
    1: <h1> this is the home page.  I hope you like it :) </h1>
    2: 
    3: <%= link_to 'About', pages_aboutus_path %>
  
app/views/pages/home.html.erb:3
Started GET "/pages/home" for 127.0.0.1 at 2024-02-24 20:42:11 -0700
  [1m[36mActiveRecord::SchemaMigration Load (0.2ms)[0m  [1m[34mSELECT "schema_migrations"."version" FROM "schema_migrations" ORDER BY "schema_migrations"."version" ASC[0m
Processing by PagesController#home as HTML
  Rendering layout layouts/application.html.erb
  Rendering pages/home.html.erb within layouts/application
  Rendered pages/home.html.erb within layouts/application (Duration: 0.7ms | Allocations: 372)
  Rendered layout layouts/application.html.erb (Duration: 47.3ms | Allocations: 34098)
Completed 200 OK in 56ms (Views: 50.2ms | ActiveRecord: 0.0ms | Allocations: 38192)


Started GET "/pages/about" for 127.0.0.1 at 2024-02-24 20:42:13 -0700
Processing by PagesController#aboutus as HTML
Completed 406 Not Acceptable in 1ms (ActiveRecord: 0.0ms | Allocations: 820)


  
ActionController::MissingExactTemplate (PagesController#aboutus is missing a template for request formats: text/html):
  
actionpack (7.1.3.1) lib/action_controller/metal/implicit_render.rb:47:in `default_render'
actionpack (7.1.3.1) lib/action_controller/metal/basic_implicit_render.rb:7:in `send_action'
actionpack (7.1.3.1) lib/abstract_controller/base.rb:224:in `process_action'
actionpack (7.1.3.1) lib/action_controller/metal/rendering.rb:165:in `process_action'
actionpack (7.1.3.1) lib/abstract_controller/callbacks.rb:259:in `block in process_action'
activesupport (7.1.3.1) lib/active_support/callbacks.rb:121:in `block in run_callbacks'
turbo-rails (2.0.4) lib/turbo-rails.rb:24:in `with_request_id'
turbo-rails (2.0.4) app/controllers/concerns/turbo/request_id_tracking.rb:10:in `turbo_tracking_request_id'
activesupport (7.1.3.1) lib/active_support/callbacks.rb:130:in `block in run_callbacks'
actiontext (7.1.3.1) lib/action_text/rendering.rb:23:in `with_renderer'
actiontext (7.1.3.1) lib/action_text/engine.rb:69:in `block (4 levels) in <class:Engine>'
activesupport (7.1.3.1) lib/active_support/callbacks.rb:130:in `instance_exec'
activesupport (7.1.3.1) lib/active_support/callbacks.rb:130:in `block in run_callbacks'
activesupport (7.1.3.1) lib/active_support/callbacks.rb:141:in `run_callbacks'
actionpack (7.1.3.1) lib/abstract_controller/callbacks.rb:258:in `process_action'
actionpack (7.1.3.1) lib/action_controller/metal/rescue.rb:25:in `process_action'
actionpack (7.1.3.1) lib/action_controller/metal/instrumentation.rb:74:in `block in process_action'
activesupport (7.1.3.1) lib/active_support/notifications.rb:206:in `block in instrument'
activesupport (7.1.3.1) lib/active_support/notifications/instrumenter.rb:58:in `instrument'
activesupport (7.1.3.1) lib/active_support/notifications.rb:206:in `instrument'
actionpack (7.1.3.1) lib/action_controller/metal/instrumentation.rb:73:in `process_action'
actionpack (7.1.3.1) lib/action_controller/metal/params_wrapper.rb:261:in `process_action'
activerecord (7.1.3.1) lib/active_record/railties/controller_runtime.rb:32:in `process_action'
actionpack (7.1.3.1) lib/abstract_controller/base.rb:160:in `process'
actionview (7.1.3.1) lib/action_view/rendering.rb:40:in `process'
actionpack (7.1.3.1) lib/action_controller/metal.rb:227:in `dispatch'
actionpack (7.1.3.1) lib/action_controller/metal.rb:309:in `dispatch'
actionpack (7.1.3.1) lib/action_dispatch/routing/route_set.rb:49:in `dispatch'
actionpack (7.1.3.1) lib/action_dispatch/routing/route_set.rb:32:in `serve'
actionpack (7.1.3.1) lib/action_dispatch/journey/router.rb:51:in `block in serve'
actionpack (7.1.3.1) lib/action_dispatch/journey/router.rb:131:in `block in find_routes'
actionpack (7.1.3.1) lib/action_dispatch/journey/router.rb:124:in `each'
actionpack (7.1.3.1) lib/action_dispatch/journey/router.rb:124:in `find_routes'
actionpack (7.1.3.1) lib/action_dispatch/journey/router.rb:32:in `serve'
actionpack (7.1.3.1) lib/action_dispatch/routing/route_set.rb:882:in `call'
rack (3.0.9.1) lib/rack/tempfile_reaper.rb:20:in `call'
rack (3.0.9.1) lib/rack/etag.rb:29:in `call'
rack (3.0.9.1) lib/rack/conditional_get.rb:31:in `call'
rack (3.0.9.1) lib/rack/head.rb:15:in `call'
actionpack (7.1.3.1) lib/action_dispatch/http/permissions_policy.rb:36:in `call'
actionpack (7.1.3.1) lib/action_dispatch/http/content_security_policy.rb:33:in `call'
rack-session (2.0.0) lib/rack/session/abstract/id.rb:272:in `context'
rack-session (2.0.0) lib/rack/session/abstract/id.rb:266:in `call'
actionpack (7.1.3.1) lib/action_dispatch/middleware/cookies.rb:689:in `call'
activerecord (7.1.3.1) lib/active_record/migration.rb:655:in `call'
actionpack (7.1.3.1) lib/action_dispatch/middleware/callbacks.rb:29:in `block in call'
activesupport (7.1.3.1) lib/active_support/callbacks.rb:101:in `run_callbacks'
actionpack (7.1.3.1) lib/action_dispatch/middleware/callbacks.rb:28:in `call'
actionpack (7.1.3.1) lib/action_dispatch/middleware/executor.rb:14:in `call'
actionpack (7.1.3.1) lib/action_dispatch/middleware/actionable_exceptions.rb:16:in `call'
actionpack (7.1.3.1) lib/action_dispatch/middleware/debug_exceptions.rb:29:in `call'
web-console (4.2.1) lib/web_console/middleware.rb:132:in `call_app'
web-console (4.2.1) lib/web_console/middleware.rb:28:in `block in call'
web-console (4.2.1) lib/web_console/middleware.rb:17:in `catch'
web-console (4.2.1) lib/web_console/middleware.rb:17:in `call'
actionpack (7.1.3.1) lib/action_dispatch/middleware/show_exceptions.rb:31:in `call'
railties (7.1.3.1) lib/rails/rack/logger.rb:37:in `call_app'
railties (7.1.3.1) lib/rails/rack/logger.rb:24:in `block in call'
activesupport (7.1.3.1) lib/active_support/tagged_logging.rb:135:in `block in tagged'
activesupport (7.1.3.1) lib/active_support/tagged_logging.rb:39:in `tagged'
activesupport (7.1.3.1) lib/active_support/tagged_logging.rb:135:in `tagged'
activesupport (7.1.3.1) lib/active_support/broadcast_logger.rb:240:in `method_missing'
railties (7.1.3.1) lib/rails/rack/logger.rb:24:in `call'
sprockets-rails (3.4.2) lib/sprockets/rails/quiet_assets.rb:13:in `call'
actionpack (7.1.3.1) lib/action_dispatch/middleware/remote_ip.rb:92:in `call'
actionpack (7.1.3.1) lib/action_dispatch/middleware/request_id.rb:28:in `call'
rack (3.0.9.1) lib/rack/method_override.rb:28:in `call'
rack (3.0.9.1) lib/rack/runtime.rb:24:in `call'
activesupport (7.1.3.1) lib/active_support/cache/strategy/local_cache_middleware.rb:29:in `call'
actionpack (7.1.3.1) lib/action_dispatch/middleware/server_timing.rb:59:in `block in call'
actionpack (7.1.3.1) lib/action_dispatch/middleware/server_timing.rb:24:in `collect_events'
actionpack (7.1.3.1) lib/action_dispatch/middleware/server_timing.rb:58:in `call'
actionpack (7.1.3.1) lib/action_dispatch/middleware/executor.rb:14:in `call'
actionpack (7.1.3.1) lib/action_dispatch/middleware/static.rb:25:in `call'
rack (3.0.9.1) lib/rack/sendfile.rb:114:in `call'
actionpack (7.1.3.1) lib/action_dispatch/middleware/host_authorization.rb:141:in `call'
railties (7.1.3.1) lib/rails/engine.rb:536:in `call'
puma (6.4.2) lib/puma/configuration.rb:272:in `call'
puma (6.4.2) lib/puma/request.rb:100:in `block in handle_request'
puma (6.4.2) lib/puma/thread_pool.rb:378:in `with_force_shutdown'
puma (6.4.2) lib/puma/request.rb:99:in `handle_request'
puma (6.4.2) lib/puma/server.rb:464:in `process_client'
puma (6.4.2) lib/puma/server.rb:245:in `block in run'
puma (6.4.2) lib/puma/thread_pool.rb:155:in `block in spawn_thread'
Started GET "/pages/home" for 127.0.0.1 at 2024-02-24 20:42:19 -0700
Processing by PagesController#home as HTML
  Rendering layout layouts/application.html.erb
  Rendering pages/home.html.erb within layouts/application
  Rendered pages/home.html.erb within layouts/application (Duration: 0.2ms | Allocations: 37)
  Rendered layout layouts/application.html.erb (Duration: 3.8ms | Allocations: 1347)
Completed 200 OK in 5ms (Views: 4.5ms | ActiveRecord: 0.0ms | Allocations: 1600)


Started GET "/pages/home" for 127.0.0.1 at 2024-02-24 20:42:42 -0700
  [1m[36mActiveRecord::SchemaMigration Load (0.2ms)[0m  [1m[34mSELECT "schema_migrations"."version" FROM "schema_migrations" ORDER BY "schema_migrations"."version" ASC[0m
Processing by PagesController#home as HTML
  Rendering layout layouts/application.html.erb
  Rendering pages/home.html.erb within layouts/application
  Rendered pages/home.html.erb within layouts/application (Duration: 0.7ms | Allocations: 372)
  Rendered layout layouts/application.html.erb (Duration: 46.8ms | Allocations: 34334)
Completed 200 OK in 57ms (Views: 49.9ms | ActiveRecord: 0.0ms | Allocations: 38429)


Started GET "/pages/about" for 127.0.0.1 at 2024-02-24 20:42:43 -0700
Processing by PagesController#aboutus as HTML
  Rendering layout layouts/application.html.erb
  Rendering pages/aboutus.html.erb within layouts/application
  Rendered pages/aboutus.html.erb within layouts/application (Duration: 0.8ms | Allocations: 147)
  Rendered layout layouts/application.html.erb (Duration: 4.2ms | Allocations: 1451)
Completed 200 OK in 6ms (Views: 4.8ms | ActiveRecord: 0.0ms | Allocations: 1765)


Started GET "/pages/home" for 127.0.0.1 at 2024-02-24 20:42:43 -0700
Processing by PagesController#home as HTML
  Rendering layout layouts/application.html.erb
  Rendering pages/home.html.erb within layouts/application
  Rendered pages/home.html.erb within layouts/application (Duration: 0.2ms | Allocations: 37)
  Rendered layout layouts/application.html.erb (Duration: 2.9ms | Allocations: 1330)
Completed 200 OK in 4ms (Views: 3.5ms | ActiveRecord: 0.0ms | Allocations: 1582)


Started GET "/pages/about" for 127.0.0.1 at 2024-02-24 20:42:44 -0700
Processing by PagesController#aboutus as HTML
  Rendering layout layouts/application.html.erb
  Rendering pages/aboutus.html.erb within layouts/application
  Rendered pages/aboutus.html.erb within layouts/application (Duration: 0.2ms | Allocations: 37)
  Rendered layout layouts/application.html.erb (Duration: 33.9ms | Allocations: 1324)
Completed 200 OK in 35ms (Views: 34.5ms | ActiveRecord: 0.0ms | Allocations: 1576)


Started GET "/pages/home" for 127.0.0.1 at 2024-02-24 20:42:44 -0700
Processing by PagesController#home as HTML
  Rendering layout layouts/application.html.erb
  Rendering pages/home.html.erb within layouts/application
  Rendered pages/home.html.erb within layouts/application (Duration: 0.2ms | Allocations: 37)
  Rendered layout layouts/application.html.erb (Duration: 3.6ms | Allocations: 1327)
Completed 200 OK in 5ms (Views: 4.3ms | ActiveRecord: 0.0ms | Allocations: 1579)


Started GET "/pages/about" for 127.0.0.1 at 2024-02-24 20:42:45 -0700
Processing by PagesController#aboutus as HTML
  Rendering layout layouts/application.html.erb
  Rendering pages/aboutus.html.erb within layouts/application
  Rendered pages/aboutus.html.erb within layouts/application (Duration: 0.1ms | Allocations: 37)
  Rendered layout layouts/application.html.erb (Duration: 2.5ms | Allocations: 1336)
Completed 200 OK in 3ms (Views: 3.0ms | ActiveRecord: 0.0ms | Allocations: 1586)


Started GET "/pages/home" for 127.0.0.1 at 2024-02-24 20:42:45 -0700
Processing by PagesController#home as HTML
  Rendering layout layouts/application.html.erb
  Rendering pages/home.html.erb within layouts/application
  Rendered pages/home.html.erb within layouts/application (Duration: 0.2ms | Allocations: 37)
  Rendered layout layouts/application.html.erb (Duration: 3.6ms | Allocations: 1333)
Completed 200 OK in 5ms (Views: 4.3ms | ActiveRecord: 0.0ms | Allocations: 1583)


Started GET "/pages/about" for 127.0.0.1 at 2024-02-24 20:42:45 -0700
Processing by PagesController#aboutus as HTML
  Rendering layout layouts/application.html.erb
  Rendering pages/aboutus.html.erb within layouts/application
  Rendered pages/aboutus.html.erb within layouts/application (Duration: 0.3ms | Allocations: 37)
  Rendered layout layouts/application.html.erb (Duration: 4.3ms | Allocations: 1333)
Completed 200 OK in 6ms (Views: 5.2ms | ActiveRecord: 0.0ms | Allocations: 1583)


Started GET "/pages/home" for 127.0.0.1 at 2024-02-24 20:42:45 -0700
Processing by PagesController#home as HTML
  Rendering layout layouts/application.html.erb
  Rendering pages/home.html.erb within layouts/application
  Rendered pages/home.html.erb within layouts/application (Duration: 0.2ms | Allocations: 37)
  Rendered layout layouts/application.html.erb (Duration: 3.8ms | Allocations: 1327)
Completed 200 OK in 5ms (Views: 4.4ms | ActiveRecord: 0.0ms | Allocations: 1577)


Started GET "/pages/about" for 127.0.0.1 at 2024-02-24 20:42:45 -0700
Processing by PagesController#aboutus as HTML
  Rendering layout layouts/application.html.erb
  Rendering pages/aboutus.html.erb within layouts/application
  Rendered pages/aboutus.html.erb within layouts/application (Duration: 0.2ms | Allocations: 37)
  Rendered layout layouts/application.html.erb (Duration: 3.9ms | Allocations: 1345)
Completed 200 OK in 5ms (Views: 4.6ms | ActiveRecord: 0.0ms | Allocations: 1595)


Started GET "/pages/home" for 127.0.0.1 at 2024-02-24 20:42:46 -0700
Processing by PagesController#home as HTML
  Rendering layout layouts/application.html.erb
  Rendering pages/home.html.erb within layouts/application
  Rendered pages/home.html.erb within layouts/application (Duration: 0.2ms | Allocations: 37)
  Rendered layout layouts/application.html.erb (Duration: 11.2ms | Allocations: 1333)
Completed 200 OK in 12ms (Views: 11.8ms | ActiveRecord: 0.0ms | Allocations: 1584)


Started GET "/pages/about" for 127.0.0.1 at 2024-02-24 20:42:46 -0700
Processing by PagesController#aboutus as HTML
  Rendering layout layouts/application.html.erb
  Rendering pages/aboutus.html.erb within layouts/application
  Rendered pages/aboutus.html.erb within layouts/application (Duration: 0.2ms | Allocations: 37)
  Rendered layout layouts/application.html.erb (Duration: 4.8ms | Allocations: 1340)
Completed 200 OK in 6ms (Views: 5.5ms | ActiveRecord: 0.0ms | Allocations: 1590)


Started GET "/pages/home" for 127.0.0.1 at 2024-02-24 20:42:46 -0700
Processing by PagesController#home as HTML
  Rendering layout layouts/application.html.erb
  Rendering pages/home.html.erb within layouts/application
  Rendered pages/home.html.erb within layouts/application (Duration: 0.2ms | Allocations: 37)
  Rendered layout layouts/application.html.erb (Duration: 3.8ms | Allocations: 1329)
Completed 200 OK in 5ms (Views: 4.4ms | ActiveRecord: 0.0ms | Allocations: 1579)


Started GET "/pages/aboutus" for 127.0.0.1 at 2024-02-24 20:43:16 -0700
  
ActionController::RoutingError (No route matches [GET] "/pages/aboutus"):
  
Started GET "/pages/aboutus" for 127.0.0.1 at 2024-02-24 20:43:58 -0700
  [1m[36mActiveRecord::SchemaMigration Load (0.2ms)[0m  [1m[34mSELECT "schema_migrations"."version" FROM "schema_migrations" ORDER BY "schema_migrations"."version" ASC[0m
  
ActionController::RoutingError (No route matches [GET] "/pages/aboutus"):
  
Started GET "/pages/about" for 127.0.0.1 at 2024-02-24 20:44:00 -0700
Processing by PagesController#about as HTML
  Rendering layout layouts/application.html.erb
  Rendering pages/about.html.erb within layouts/application
  Rendered pages/about.html.erb within layouts/application (Duration: 0.9ms | Allocations: 239)
  Rendered layout layouts/application.html.erb (Duration: 49.8ms | Allocations: 32533)
Completed 200 OK in 58ms (Views: 52.9ms | ActiveRecord: 0.0ms | Allocations: 34155)


Started GET "/pages/home" for 127.0.0.1 at 2024-02-24 20:44:01 -0700
Processing by PagesController#home as HTML
  Rendering layout layouts/application.html.erb
  Rendering pages/home.html.erb within layouts/application
  Rendered pages/home.html.erb within layouts/application (Duration: 0.8ms | Allocations: 149)
  Rendered layout layouts/application.html.erb (Duration: 4.5ms | Allocations: 1461)
Completed 200 OK in 6ms (Views: 5.1ms | ActiveRecord: 0.0ms | Allocations: 1775)


Started GET "/pages/about" for 127.0.0.1 at 2024-02-24 20:44:02 -0700
Processing by PagesController#about as HTML
  Rendering layout layouts/application.html.erb
  Rendering pages/about.html.erb within layouts/application
  Rendered pages/about.html.erb within layouts/application (Duration: 0.2ms | Allocations: 37)
  Rendered layout layouts/application.html.erb (Duration: 4.6ms | Allocations: 1321)
Completed 200 OK in 6ms (Views: 5.3ms | ActiveRecord: 0.0ms | Allocations: 1573)


Started GET "/pages/home" for 127.0.0.1 at 2024-02-24 20:44:02 -0700
Processing by PagesController#home as HTML
  Rendering layout layouts/application.html.erb
  Rendering pages/home.html.erb within layouts/application
  Rendered pages/home.html.erb within layouts/application (Duration: 0.3ms | Allocations: 37)
  Rendered layout layouts/application.html.erb (Duration: 4.5ms | Allocations: 1334)
Completed 200 OK in 6ms (Views: 5.7ms | ActiveRecord: 0.0ms | Allocations: 1586)


Started GET "/pages/about" for 127.0.0.1 at 2024-02-24 20:44:03 -0700
Processing by PagesController#about as HTML
  Rendering layout layouts/application.html.erb
  Rendering pages/about.html.erb within layouts/application
  Rendered pages/about.html.erb within layouts/application (Duration: 0.1ms | Allocations: 37)
  Rendered layout layouts/application.html.erb (Duration: 2.4ms | Allocations: 1330)
Completed 200 OK in 3ms (Views: 2.8ms | ActiveRecord: 0.0ms | Allocations: 1582)


Started GET "/pages/home" for 127.0.0.1 at 2024-02-24 20:44:03 -0700
Processing by PagesController#home as HTML
  Rendering layout layouts/application.html.erb
  Rendering pages/home.html.erb within layouts/application
  Rendered pages/home.html.erb within layouts/application (Duration: 0.1ms | Allocations: 37)
  Rendered layout layouts/application.html.erb (Duration: 3.6ms | Allocations: 1342)
Completed 200 OK in 4ms (Views: 4.1ms | ActiveRecord: 0.0ms | Allocations: 1592)


Started GET "/pages/about" for 127.0.0.1 at 2024-02-24 20:44:03 -0700
Processing by PagesController#about as HTML
  Rendering layout layouts/application.html.erb
  Rendering pages/about.html.erb within layouts/application
  Rendered pages/about.html.erb within layouts/application (Duration: 0.2ms | Allocations: 37)
  Rendered layout layouts/application.html.erb (Duration: 4.2ms | Allocations: 1336)
Completed 200 OK in 5ms (Views: 4.9ms | ActiveRecord: 0.0ms | Allocations: 1587)


Started GET "/pages/home" for 127.0.0.1 at 2024-02-24 20:44:03 -0700
Processing by PagesController#home as HTML
  Rendering layout layouts/application.html.erb
  Rendering pages/home.html.erb within layouts/application
  Rendered pages/home.html.erb within layouts/application (Duration: 0.2ms | Allocations: 37)
  Rendered layout layouts/application.html.erb (Duration: 3.9ms | Allocations: 1324)
Completed 200 OK in 5ms (Views: 4.5ms | ActiveRecord: 0.0ms | Allocations: 1574)


Started GET "/pages/about" for 127.0.0.1 at 2024-02-24 20:44:03 -0700
Processing by PagesController#about as HTML
  Rendering layout layouts/application.html.erb
  Rendering pages/about.html.erb within layouts/application
  Rendered pages/about.html.erb within layouts/application (Duration: 0.2ms | Allocations: 37)
  Rendered layout layouts/application.html.erb (Duration: 3.9ms | Allocations: 1339)
Completed 200 OK in 5ms (Views: 4.6ms | ActiveRecord: 0.0ms | Allocations: 1590)


Started GET "/pages/home" for 127.0.0.1 at 2024-02-24 20:44:04 -0700
Processing by PagesController#home as HTML
  Rendering layout layouts/application.html.erb
  Rendering pages/home.html.erb within layouts/application
  Rendered pages/home.html.erb within layouts/application (Duration: 0.2ms | Allocations: 37)
  Rendered layout layouts/application.html.erb (Duration: 3.9ms | Allocations: 1336)
Completed 200 OK in 5ms (Views: 4.6ms | ActiveRecord: 0.0ms | Allocations: 1586)


Started GET "/pages/about" for 127.0.0.1 at 2024-02-24 20:44:04 -0700
Processing by PagesController#about as HTML
  Rendering layout layouts/application.html.erb
  Rendering pages/about.html.erb within layouts/application
  Rendered pages/about.html.erb within layouts/application (Duration: 0.2ms | Allocations: 37)
  Rendered layout layouts/application.html.erb (Duration: 3.9ms | Allocations: 1322)
Completed 200 OK in 5ms (Views: 4.5ms | ActiveRecord: 0.0ms | Allocations: 1573)


Started GET "/pages/about" for 127.0.0.1 at 2024-02-24 20:44:05 -0700
Processing by PagesController#about as HTML
  Rendering layout layouts/application.html.erb
  Rendering pages/about.html.erb within layouts/application
  Rendered pages/about.html.erb within layouts/application (Duration: 0.2ms | Allocations: 37)
  Rendered layout layouts/application.html.erb (Duration: 3.0ms | Allocations: 1333)
Completed 200 OK in 4ms (Views: 3.5ms | ActiveRecord: 0.0ms | Allocations: 1584)


Started GET "/pages/about" for 127.0.0.1 at 2024-02-24 20:44:32 -0700
Processing by PagesController#about as HTML
  Rendering layout layouts/application.html.erb
  Rendering pages/about.html.erb within layouts/application
  Rendered pages/about.html.erb within layouts/application (Duration: 0.5ms | Allocations: 174)
  Rendered layout layouts/application.html.erb (Duration: 13.5ms | Allocations: 15253)
Completed 200 OK in 15ms (Views: 14.8ms | ActiveRecord: 0.0ms | Allocations: 16161)


Started GET "/pages/home" for 127.0.0.1 at 2024-02-24 20:44:33 -0700
Processing by PagesController#home as HTML
  Rendering layout layouts/application.html.erb
  Rendering pages/home.html.erb within layouts/application
  Rendered pages/home.html.erb within layouts/application (Duration: 1.1ms | Allocations: 146)
  Rendered layout layouts/application.html.erb (Duration: 4.9ms | Allocations: 1472)
Completed 200 OK in 7ms (Views: 5.8ms | ActiveRecord: 0.0ms | Allocations: 1784)


Started GET "/pages/about" for 127.0.0.1 at 2024-02-24 20:44:34 -0700
Processing by PagesController#about as HTML
  Rendering layout layouts/application.html.erb
  Rendering pages/about.html.erb within layouts/application
  Rendered pages/about.html.erb within layouts/application (Duration: 0.2ms | Allocations: 37)
  Rendered layout layouts/application.html.erb (Duration: 3.8ms | Allocations: 1330)
Completed 200 OK in 5ms (Views: 4.5ms | ActiveRecord: 0.0ms | Allocations: 1581)


Started GET "/pages/home" for 127.0.0.1 at 2024-02-24 20:44:34 -0700
Processing by PagesController#home as HTML
  Rendering layout layouts/application.html.erb
  Rendering pages/home.html.erb within layouts/application
  Rendered pages/home.html.erb within layouts/application (Duration: 0.2ms | Allocations: 37)
  Rendered layout layouts/application.html.erb (Duration: 3.7ms | Allocations: 1339)
Completed 200 OK in 5ms (Views: 4.4ms | ActiveRecord: 0.0ms | Allocations: 1589)


Started GET "/pages/about" for 127.0.0.1 at 2024-02-24 20:44:34 -0700
Processing by PagesController#about as HTML
  Rendering layout layouts/application.html.erb
  Rendering pages/about.html.erb within layouts/application
  Rendered pages/about.html.erb within layouts/application (Duration: 0.2ms | Allocations: 37)
  Rendered layout layouts/application.html.erb (Duration: 3.5ms | Allocations: 1330)
Completed 200 OK in 5ms (Views: 4.1ms | ActiveRecord: 0.0ms | Allocations: 1580)


Started GET "/pages/about" for 127.0.0.1 at 2024-02-24 20:46:17 -0700
Processing by PagesController#about as HTML
  Rendering layout layouts/application.html.erb
  Rendering pages/about.html.erb within layouts/application
  Rendered pages/about.html.erb within layouts/application (Duration: 1.0ms | Allocations: 1067)
  Rendered layout layouts/application.html.erb (Duration: 1.2ms | Allocations: 1159)
Completed 500 Internal Server Error in 3ms (ActiveRecord: 0.0ms | Allocations: 2060)


  
ActionView::Template::Error (undefined local variable or method `pages_home_path' for #<ActionView::Base:0x00000000011698>):
    1: <h1> here is some stuff about us! </h1>
    2: 
    3: <%= link_to 'Home', pages_home_path %>
  
app/views/pages/about.html.erb:3
Started GET "/pages/home" for 127.0.0.1 at 2024-02-24 20:46:18 -0700
  
ActionController::RoutingError (No route matches [GET] "/pages/home"):
  
Started GET "/pages/about" for 127.0.0.1 at 2024-02-24 20:46:18 -0700
Processing by PagesController#about as HTML
  Rendering layout layouts/application.html.erb
  Rendering pages/about.html.erb within layouts/application
  Rendered pages/about.html.erb within layouts/application (Duration: 0.4ms | Allocations: 991)
  Rendered layout layouts/application.html.erb (Duration: 0.7ms | Allocations: 1088)
Completed 500 Internal Server Error in 1ms (ActiveRecord: 0.0ms | Allocations: 1317)


  
ActionView::Template::Error (undefined local variable or method `pages_home_path' for #<ActionView::Base:0x00000000011a80>):
    1: <h1> here is some stuff about us! </h1>
    2: 
    3: <%= link_to 'Home', pages_home_path %>
  
app/views/pages/about.html.erb:3
Started GET "/" for 127.0.0.1 at 2024-02-24 20:46:21 -0700
Processing by PagesController#home as HTML
  Rendering layout layouts/application.html.erb
  Rendering pages/home.html.erb within layouts/application
  Rendered pages/home.html.erb within layouts/application (Duration: 0.8ms | Allocations: 167)
  Rendered layout layouts/application.html.erb (Duration: 26.4ms | Allocations: 15370)
Completed 200 OK in 28ms (Views: 27.2ms | ActiveRecord: 0.0ms | Allocations: 15686)


Started GET "/pages/about" for 127.0.0.1 at 2024-02-24 20:46:23 -0700
Processing by PagesController#about as HTML
  Rendering layout layouts/application.html.erb
  Rendering pages/about.html.erb within layouts/application
  Rendered pages/about.html.erb within layouts/application (Duration: 0.5ms | Allocations: 993)
  Rendered layout layouts/application.html.erb (Duration: 0.7ms | Allocations: 1084)
Completed 500 Internal Server Error in 2ms (ActiveRecord: 0.0ms | Allocations: 1312)


  
ActionView::Template::Error (undefined local variable or method `pages_home_path' for #<ActionView::Base:0x00000000011fd0>):
    1: <h1> here is some stuff about us! </h1>
    2: 
    3: <%= link_to 'Home', pages_home_path %>
  
app/views/pages/about.html.erb:3
Started GET "/about" for 127.0.0.1 at 2024-02-24 20:46:34 -0700
  
ActionController::RoutingError (No route matches [GET] "/about"):
  
Started GET "/pages/about" for 127.0.0.1 at 2024-02-24 20:46:40 -0700
Processing by PagesController#about as HTML
  Rendering layout layouts/application.html.erb
  Rendering pages/about.html.erb within layouts/application
  Rendered pages/about.html.erb within layouts/application (Duration: 0.7ms | Allocations: 993)
  Rendered layout layouts/application.html.erb (Duration: 1.0ms | Allocations: 1084)
Completed 500 Internal Server Error in 2ms (ActiveRecord: 0.0ms | Allocations: 1312)


  
ActionView::Template::Error (undefined local variable or method `pages_home_path' for #<ActionView::Base:0x00000000012548>):
    1: <h1> here is some stuff about us! </h1>
    2: 
    3: <%= link_to 'Home', pages_home_path %>
  
app/views/pages/about.html.erb:3
Started GET "/pages/about" for 127.0.0.1 at 2024-02-24 20:48:27 -0700
  
ActionController::RoutingError (No route matches [GET] "/pages/about"):
  
Started GET "/about" for 127.0.0.1 at 2024-02-24 20:48:31 -0700
Processing by PagesController#about as HTML
  Rendering layout layouts/application.html.erb
  Rendering pages/about.html.erb within layouts/application
  Rendered pages/about.html.erb within layouts/application (Duration: 0.5ms | Allocations: 172)
  Rendered layout layouts/application.html.erb (Duration: 12.9ms | Allocations: 15375)
Completed 200 OK in 16ms (Views: 14.6ms | ActiveRecord: 0.0ms | Allocations: 16237)


Started GET "/" for 127.0.0.1 at 2024-02-24 20:48:33 -0700
Processing by PagesController#home as HTML
  Rendering layout layouts/application.html.erb
  Rendering pages/home.html.erb within layouts/application
  Rendered pages/home.html.erb within layouts/application (Duration: 0.7ms | Allocations: 144)
  Rendered layout layouts/application.html.erb (Duration: 3.6ms | Allocations: 1467)
Completed 200 OK in 5ms (Views: 4.2ms | ActiveRecord: 0.0ms | Allocations: 1776)


Started GET "/about" for 127.0.0.1 at 2024-02-24 20:48:33 -0700
Processing by PagesController#about as HTML
  Rendering layout layouts/application.html.erb
  Rendering pages/about.html.erb within layouts/application
  Rendered pages/about.html.erb within layouts/application (Duration: 0.1ms | Allocations: 35)
  Rendered layout layouts/application.html.erb (Duration: 1.9ms | Allocations: 1325)
Completed 200 OK in 3ms (Views: 2.3ms | ActiveRecord: 0.0ms | Allocations: 1574)


Started GET "/" for 127.0.0.1 at 2024-02-24 20:48:33 -0700
Processing by PagesController#home as HTML
  Rendering layout layouts/application.html.erb
  Rendering pages/home.html.erb within layouts/application
  Rendered pages/home.html.erb within layouts/application (Duration: 0.1ms | Allocations: 37)
  Rendered layout layouts/application.html.erb (Duration: 2.5ms | Allocations: 1321)
Completed 200 OK in 3ms (Views: 3.0ms | ActiveRecord: 0.0ms | Allocations: 1570)


Started GET "/about" for 127.0.0.1 at 2024-02-24 20:48:34 -0700
Processing by PagesController#about as HTML
  Rendering layout layouts/application.html.erb
  Rendering pages/about.html.erb within layouts/application
  Rendered pages/about.html.erb within layouts/application (Duration: 0.1ms | Allocations: 35)
  Rendered layout layouts/application.html.erb (Duration: 2.7ms | Allocations: 1337)
Completed 200 OK in 4ms (Views: 3.2ms | ActiveRecord: 0.0ms | Allocations: 1586)


Started GET "/" for 127.0.0.1 at 2024-02-24 20:48:34 -0700
Processing by PagesController#home as HTML
  Rendering layout layouts/application.html.erb
  Rendering pages/home.html.erb within layouts/application
  Rendered pages/home.html.erb within layouts/application (Duration: 0.2ms | Allocations: 37)
  Rendered layout layouts/application.html.erb (Duration: 3.4ms | Allocations: 1342)
Completed 200 OK in 5ms (Views: 4.2ms | ActiveRecord: 0.0ms | Allocations: 1596)


Started GET "/about" for 127.0.0.1 at 2024-02-24 20:48:34 -0700
Processing by PagesController#about as HTML
  Rendering layout layouts/application.html.erb
  Rendering pages/about.html.erb within layouts/application
  Rendered pages/about.html.erb within layouts/application (Duration: 0.2ms | Allocations: 35)
  Rendered layout layouts/application.html.erb (Duration: 3.5ms | Allocations: 1331)
Completed 200 OK in 5ms (Views: 4.2ms | ActiveRecord: 0.0ms | Allocations: 1580)


  [1m[36mActiveRecord::InternalMetadata Load (0.5ms)[0m  [1m[34mSELECT * FROM "ar_internal_metadata" WHERE "ar_internal_metadata"."key" = ? ORDER BY "ar_internal_metadata"."key" ASC LIMIT 1[0m  [[nil, "environment"]]
  [1m[36mActiveRecord::InternalMetadata Create (56.7ms)[0m  [1m[32mINSERT INTO "ar_internal_metadata" ("key", "value", "created_at", "updated_at") VALUES ('environment', 'development', '2024-03-19 19:52:04.261684', '2024-03-19 19:52:04.261689') RETURNING "key"[0m
  [1m[36mActiveRecord::SchemaMigration Load (0.2ms)[0m  [1m[34mSELECT "schema_migrations"."version" FROM "schema_migrations" ORDER BY "schema_migrations"."version" ASC[0m
Migrating to CreateArticles (20240319194940)
  [1m[36mTRANSACTION (0.1ms)[0m  [1m[36mbegin transaction[0m
  [1m[35m (2.9ms)[0m  [1m[35mCREATE TABLE "articles" ("id" integer PRIMARY KEY AUTOINCREMENT NOT NULL, "title" varchar, "created_at" datetime(6) NOT NULL, "updated_at" datetime(6) NOT NULL)[0m
  [1m[36mActiveRecord::SchemaMigration Create (0.2ms)[0m  [1m[32mINSERT INTO "schema_migrations" ("version") VALUES ('20240319194940') RETURNING "version"[0m
  [1m[36mTRANSACTION (0.2ms)[0m  [1m[36mcommit transaction[0m
  [1m[36mActiveRecord::SchemaMigration Load (0.1ms)[0m  [1m[34mSELECT "schema_migrations"."version" FROM "schema_migrations" ORDER BY "schema_migrations"."version" ASC[0m
  [1m[36mActiveRecord::InternalMetadata Load (0.1ms)[0m  [1m[34mSELECT * FROM "ar_internal_metadata" WHERE "ar_internal_metadata"."key" = ? ORDER BY "ar_internal_metadata"."key" ASC LIMIT 1[0m  [[nil, "environment"]]
  [1m[36mActiveRecord::SchemaMigration Load (0.1ms)[0m  [1m[34mSELECT "schema_migrations"."version" FROM "schema_migrations" ORDER BY "schema_migrations"."version" ASC[0m
Migrating to AddDescriptionToArticles (20240319195449)
  [1m[36mTRANSACTION (0.0ms)[0m  [1m[36mbegin transaction[0m
  [1m[35m (1.2ms)[0m  [1m[35mALTER TABLE "articles" ADD "description" text[0m
  [1m[36mActiveRecord::SchemaMigration Create (0.1ms)[0m  [1m[32mINSERT INTO "schema_migrations" ("version") VALUES ('20240319195449') RETURNING "version"[0m
  [1m[36mTRANSACTION (0.1ms)[0m  [1m[36mcommit transaction[0m
  [1m[36mActiveRecord::SchemaMigration Load (0.1ms)[0m  [1m[34mSELECT "schema_migrations"."version" FROM "schema_migrations" ORDER BY "schema_migrations"."version" ASC[0m
  [1m[36mArticle Load (0.2ms)[0m  [1m[34mSELECT "articles".* FROM "articles" /* loading for pp */ LIMIT ?[0m  [["LIMIT", 11]]
  [1m[36mArticle Load (0.1ms)[0m  [1m[34mSELECT "articles".* FROM "articles" /* loading for pp */ LIMIT ?[0m  [["LIMIT", 11]]
  [1m[36mTRANSACTION (0.1ms)[0m  [1m[36mbegin transaction[0m
  [1m[36mArticle Create (0.7ms)[0m  [1m[32mINSERT INTO "articles" ("title", "created_at", "updated_at", "description") VALUES (?, ?, ?, ?) RETURNING "id"[0m  [["title", "this is my first article"], ["created_at", "2024-03-19 20:03:56.379490"], ["updated_at", "2024-03-19 20:03:56.379490"], ["description", "this is the description"]]
  [1m[36mTRANSACTION (0.2ms)[0m  [1m[36mcommit transaction[0m
  [1m[36mArticle Load (0.1ms)[0m  [1m[34mSELECT "articles".* FROM "articles" /* loading for pp */ LIMIT ?[0m  [["LIMIT", 11]]
  [1m[36mTRANSACTION (0.1ms)[0m  [1m[36mbegin transaction[0m
  [1m[36mArticle Create (0.6ms)[0m  [1m[32mINSERT INTO "articles" ("title", "created_at", "updated_at", "description") VALUES (?, ?, ?, ?) RETURNING "id"[0m  [["title", "this is my second article"], ["created_at", "2024-03-19 20:05:07.689188"], ["updated_at", "2024-03-19 20:05:07.689188"], ["description", "this is desc #2"]]
  [1m[36mTRANSACTION (0.2ms)[0m  [1m[36mcommit transaction[0m
  [1m[36mArticle Load (0.1ms)[0m  [1m[34mSELECT "articles".* FROM "articles" /* loading for pp */ LIMIT ?[0m  [["LIMIT", 11]]
  [1m[36mTRANSACTION (0.1ms)[0m  [1m[36mbegin transaction[0m
  [1m[36mArticle Create (0.6ms)[0m  [1m[32mINSERT INTO "articles" ("title", "created_at", "updated_at", "description") VALUES (?, ?, ?, ?) RETURNING "id"[0m  [["title", "this is art #3"], ["created_at", "2024-03-19 20:05:53.320949"], ["updated_at", "2024-03-19 20:05:53.320949"], ["description", "#3"]]
  [1m[36mTRANSACTION (0.2ms)[0m  [1m[36mcommit transaction[0m
  [1m[36mArticle Load (0.1ms)[0m  [1m[34mSELECT "articles".* FROM "articles" /* loading for pp */ LIMIT ?[0m  [["LIMIT", 11]]
  [1m[36mArticle Load (0.2ms)[0m  [1m[34mSELECT "articles".* FROM "articles" /* loading for pp */ LIMIT ?[0m  [["LIMIT", 11]]
  [1m[36mArticle Load (0.2ms)[0m  [1m[34mSELECT "articles".* FROM "articles" WHERE "articles"."id" = ? LIMIT ?[0m  [["id", 2], ["LIMIT", 1]]
  [1m[36mTRANSACTION (0.1ms)[0m  [1m[36mbegin transaction[0m
  [1m[36mArticle Update (0.6ms)[0m  [1m[33mUPDATE "articles" SET "title" = ?, "updated_at" = ? WHERE "articles"."id" = ?[0m  [["title", "this is an edited title"], ["updated_at", "2024-03-19 20:09:43.099964"], ["id", 2]]
  [1m[36mTRANSACTION (0.2ms)[0m  [1m[36mcommit transaction[0m
  [1m[36mArticle Load (0.1ms)[0m  [1m[34mSELECT "articles".* FROM "articles" /* loading for pp */ LIMIT ?[0m  [["LIMIT", 11]]
  [1m[36mArticle Load (0.1ms)[0m  [1m[34mSELECT "articles".* FROM "articles" WHERE "articles"."id" = ? LIMIT ?[0m  [["id", 3], ["LIMIT", 1]]
  [1m[36mTRANSACTION (0.1ms)[0m  [1m[36mbegin transaction[0m
  [1m[36mArticle Destroy (0.5ms)[0m  [1m[31mDELETE FROM "articles" WHERE "articles"."id" = ?[0m  [["id", 3]]
  [1m[36mTRANSACTION (0.2ms)[0m  [1m[36mcommit transaction[0m
  [1m[36mArticle Load (0.1ms)[0m  [1m[34mSELECT "articles".* FROM "articles" /* loading for pp */ LIMIT ?[0m  [["LIMIT", 11]]
  [1m[36mTRANSACTION (0.1ms)[0m  [1m[36mbegin transaction[0m
  [1m[36mArticle Create (0.5ms)[0m  [1m[32mINSERT INTO "articles" ("title", "created_at", "updated_at", "description") VALUES (?, ?, ?, ?) RETURNING "id"[0m  [["title", nil], ["created_at", "2024-03-19 20:11:27.344743"], ["updated_at", "2024-03-19 20:11:27.344743"], ["description", nil]]
  [1m[36mTRANSACTION (0.2ms)[0m  [1m[36mcommit transaction[0m
  [1m[36mArticle Load (0.1ms)[0m  [1m[34mSELECT "articles".* FROM "articles" /* loading for pp */ LIMIT ?[0m  [["LIMIT", 11]]
  [1m[36mTRANSACTION (0.1ms)[0m  [1m[36mbegin transaction[0m
  [1m[36mArticle Destroy (0.5ms)[0m  [1m[31mDELETE FROM "articles" WHERE "articles"."id" = ?[0m  [["id", 4]]
  [1m[36mTRANSACTION (0.2ms)[0m  [1m[36mcommit transaction[0m
  [1m[36mArticle Load (0.1ms)[0m  [1m[34mSELECT "articles".* FROM "articles" /* loading for pp */ LIMIT ?[0m  [["LIMIT", 11]]
  [1m[36mTRANSACTION (0.1ms)[0m  [1m[36mbegin transaction[0m
  [1m[36mArticle Create (0.6ms)[0m  [1m[32mINSERT INTO "articles" ("title", "created_at", "updated_at", "description") VALUES (?, ?, ?, ?) RETURNING "id"[0m  [["title", nil], ["created_at", "2024-03-19 20:13:27.003527"], ["updated_at", "2024-03-19 20:13:27.003527"], ["description", nil]]
  [1m[36mTRANSACTION (0.2ms)[0m  [1m[36mcommit transaction[0m
  [1m[36mArticle Load (0.1ms)[0m  [1m[34mSELECT "articles".* FROM "articles" /* loading for pp */ LIMIT ?[0m  [["LIMIT", 11]]
  [1m[36mTRANSACTION (0.1ms)[0m  [1m[36mbegin transaction[0m
  [1m[36mArticle Destroy (0.5ms)[0m  [1m[31mDELETE FROM "articles" WHERE "articles"."id" = ?[0m  [["id", 5]]
  [1m[36mTRANSACTION (0.1ms)[0m  [1m[36mcommit transaction[0m
  [1m[36mArticle Load (0.1ms)[0m  [1m[34mSELECT "articles".* FROM "articles" /* loading for pp */ LIMIT ?[0m  [["LIMIT", 11]]
  [1m[36mArticle Load (0.2ms)[0m  [1m[34mSELECT "articles".* FROM "articles" /* loading for pp */ LIMIT ?[0m  [["LIMIT", 11]]
